Nov 20, 2017 7:32:20 PM gash.router.server.MessageServer startServer
INFO: Communication starting
Nov 20, 2017 7:32:20 PM gash.database.NodeStateMongoDB <init>
INFO: connecting to mongodb for node states
Nov 20, 2017 7:32:20 PM gash.router.server.raft.RaftNode cancelAppendEntriesRequests
INFO: cancelling append entries requests for all nodes
Nov 20, 2017 7:32:20 PM gash.router.server.raft.RaftNode stopDiscoveryServer
INFO: UDP discovery server stop
Nov 20, 2017 7:32:20 PM gash.router.server.raft.RaftNode startFollower
INFO: Starting as follower
Nov 20, 2017 7:32:21 PM gash.router.server.NodeMonitor addNode
INFO: adding new node in config 10.0.0.2:4167
Nov 20, 2017 7:32:21 PM gash.router.server.NodeMonitor addNode
INFO: adding new node in config 10.0.0.2:4367
Nov 20, 2017 7:32:21 PM gash.router.server.NodeMonitor addNode
INFO: adding new node in config 10.0.0.2:4467
Nov 20, 2017 7:32:21 PM gash.router.server.MessageServer$StartCommunication run
INFO: Starting server, listening on port = 4267
Nov 20, 2017 7:32:21 PM gash.router.server.NodeMonitor scheduleConnect
INFO: scheduling connect with 10.0.0.2:4167 in 0ms
Nov 20, 2017 7:32:21 PM gash.router.server.NodeMonitor connectWithNode
INFO: starting to connect with node --> 10.0.0.2:4167
Nov 20, 2017 7:32:21 PM gash.router.server.MessageServer$StartCommunication run
INFO: Starting server, listening on port = 4268
Nov 20, 2017 7:32:21 PM gash.router.server.MessageServer$StartCommunication run
INFO: /0:0:0:0:0:0:0:0:4267 -> open: true, write: true, act: true
Nov 20, 2017 7:32:21 PM gash.router.server.MessageServer$StartCommunication run
INFO: /0:0:0:0:0:0:0:0:4268 -> open: true, write: true, act: true
Nov 20, 2017 7:32:21 PM gash.router.server.NodeMonitor connectWithNode
INFO: remote node status--> 10.0.0.2:4167 - channel status: open: true, active: true, isWritable: true
Nov 20, 2017 7:32:21 PM gash.router.server.NodeMonitor sendAddRequestToExistingNode
INFO: Generated request to add adjacent node: 10.0.0.2:4167
Nov 20, 2017 7:32:22 PM gash.router.server.raft.RaftNode$6 run
INFO: follower heartbeat timed out
Nov 20, 2017 7:32:22 PM gash.router.server.raft.RaftNode cancelAppendEntriesRequests
INFO: cancelling append entries requests for all nodes
Nov 20, 2017 7:32:22 PM gash.router.server.raft.RaftNode stopDiscoveryServer
INFO: UDP discovery server stop
Nov 20, 2017 7:32:22 PM gash.router.server.raft.RaftNode startCandidate
INFO: Starting as candidate
Nov 20, 2017 7:32:22 PM gash.router.server.raft.RaftNode requestVotes
INFO: starting to request votes
Nov 20, 2017 7:32:22 PM gash.database.NodeStateMongoDB saveNodeState
INFO: node state saved
Nov 20, 2017 7:32:22 PM gash.router.server.raft.RaftNode broadcastVoteRequestPacket
INFO: Sent VoteRequestRPC to 1request: voteRequest {
  term: 1
  candidateId: 2
  lastLogIndex: 1
  lastLogTerm: 1
}

Nov 20, 2017 7:32:22 PM gash.router.server.raft.RaftNode broadcastVoteRequestPacket
INFO: Channel not active ,server  is down
Nov 20, 2017 7:32:22 PM gash.router.server.raft.RaftNode broadcastVoteRequestPacket
INFO: Channel not active ,server  is down
Nov 20, 2017 7:32:22 PM gash.router.server.raft.RaftNode isWinner
INFO: Total number of votes = 1
Nov 20, 2017 7:32:22 PM gash.router.server.raft.RaftNode isWinner
INFO: Expected number of votes = 4
Nov 20, 2017 7:32:22 PM gash.router.server.raft.RaftNode isWinner
INFO: Total number of YES votes = 1
Nov 20, 2017 7:32:22 PM gash.database.NodeStateMongoDB saveNodeState
INFO: node state saved
Nov 20, 2017 7:32:22 PM gash.router.server.raft.RaftNode cancelAppendEntriesRequests
INFO: cancelling append entries requests for all nodes
Nov 20, 2017 7:32:22 PM gash.router.server.raft.RaftNode stopDiscoveryServer
INFO: UDP discovery server stop
Nov 20, 2017 7:32:22 PM gash.router.server.raft.RaftNode startFollower
INFO: Starting as follower
Nov 20, 2017 7:32:24 PM gash.router.server.raft.RaftNode$6 run
INFO: follower heartbeat timed out
Nov 20, 2017 7:32:24 PM gash.router.server.raft.RaftNode cancelAppendEntriesRequests
INFO: cancelling append entries requests for all nodes
Nov 20, 2017 7:32:24 PM gash.router.server.raft.RaftNode stopDiscoveryServer
INFO: UDP discovery server stop
Nov 20, 2017 7:32:24 PM gash.router.server.raft.RaftNode startCandidate
INFO: Starting as candidate
Nov 20, 2017 7:32:24 PM gash.router.server.raft.RaftNode requestVotes
INFO: starting to request votes
Nov 20, 2017 7:32:24 PM gash.database.NodeStateMongoDB saveNodeState
INFO: node state saved
Nov 20, 2017 7:32:24 PM gash.router.server.raft.RaftNode broadcastVoteRequestPacket
INFO: Sent VoteRequestRPC to 1request: voteRequest {
  term: 4
  candidateId: 2
  lastLogIndex: 1
  lastLogTerm: 1
}

Nov 20, 2017 7:32:24 PM gash.router.server.raft.RaftNode broadcastVoteRequestPacket
INFO: Channel not active ,server  is down
Nov 20, 2017 7:32:24 PM gash.router.server.raft.RaftNode broadcastVoteRequestPacket
INFO: Channel not active ,server  is down
Nov 20, 2017 7:32:24 PM gash.router.server.raft.RaftNode isWinner
INFO: Total number of votes = 1
Nov 20, 2017 7:32:24 PM gash.router.server.raft.RaftNode isWinner
INFO: Expected number of votes = 4
Nov 20, 2017 7:32:24 PM gash.router.server.raft.RaftNode isWinner
INFO: Total number of YES votes = 1
Nov 20, 2017 7:32:24 PM gash.database.NodeStateMongoDB saveNodeState
INFO: node state saved
Nov 20, 2017 7:32:24 PM gash.router.server.raft.RaftNode cancelAppendEntriesRequests
INFO: cancelling append entries requests for all nodes
Nov 20, 2017 7:32:24 PM gash.router.server.raft.RaftNode stopDiscoveryServer
INFO: UDP discovery server stop
Nov 20, 2017 7:32:24 PM gash.router.server.raft.RaftNode startFollower
INFO: Starting as follower
Nov 20, 2017 7:32:24 PM gash.router.server.raft.RaftNode$2 run
INFO: vote request received from: 1, request: term: 5
candidateId: 1
lastLogIndex: 1
lastLogTerm: 1

Nov 20, 2017 7:32:24 PM gash.router.server.raft.RaftNode isVoteGranted
INFO: vote reasons: type: Follower, currTerm: 5, lastLogIndex: 1, lastVotedTerm: 4
Nov 20, 2017 7:32:24 PM gash.database.NodeStateMongoDB saveNodeState
INFO: node state saved
Nov 20, 2017 7:32:24 PM gash.router.server.raft.RaftNode$2 run
INFO: granted vote to nodeId: 1
Nov 20, 2017 7:32:24 PM gash.router.server.raft.RaftNode sendVoteResponse
INFO: sending vote response to node id: 1
Nov 20, 2017 7:32:26 PM gash.router.server.raft.RaftNode$2 run
INFO: vote request received from: 1, request: term: 6
candidateId: 1
lastLogIndex: 1
lastLogTerm: 1

Nov 20, 2017 7:32:26 PM gash.database.NodeStateMongoDB saveNodeState
INFO: node state saved
Nov 20, 2017 7:32:26 PM gash.router.server.raft.RaftNode isVoteGranted
INFO: vote reasons: type: Follower, currTerm: 6, lastLogIndex: 1, lastVotedTerm: 5
Nov 20, 2017 7:32:26 PM gash.database.NodeStateMongoDB saveNodeState
INFO: node state saved
Nov 20, 2017 7:32:26 PM gash.router.server.raft.RaftNode$2 run
INFO: granted vote to nodeId: 1
Nov 20, 2017 7:32:26 PM gash.router.server.raft.RaftNode sendVoteResponse
INFO: sending vote response to node id: 1
Nov 20, 2017 7:32:28 PM gash.router.server.raft.RaftNode$6 run
INFO: follower heartbeat timed out
Nov 20, 2017 7:32:28 PM gash.router.server.raft.RaftNode cancelAppendEntriesRequests
INFO: cancelling append entries requests for all nodes
Nov 20, 2017 7:32:28 PM gash.router.server.raft.RaftNode stopDiscoveryServer
INFO: UDP discovery server stop
Nov 20, 2017 7:32:28 PM gash.router.server.raft.RaftNode startCandidate
INFO: Starting as candidate
Nov 20, 2017 7:32:28 PM gash.router.server.raft.RaftNode requestVotes
INFO: starting to request votes
Nov 20, 2017 7:32:28 PM gash.database.NodeStateMongoDB saveNodeState
INFO: node state saved
Nov 20, 2017 7:32:28 PM gash.router.server.raft.RaftNode broadcastVoteRequestPacket
INFO: Sent VoteRequestRPC to 1request: voteRequest {
  term: 7
  candidateId: 2
  lastLogIndex: 1
  lastLogTerm: 1
}

Nov 20, 2017 7:32:28 PM gash.router.server.raft.RaftNode broadcastVoteRequestPacket
INFO: Channel not active ,server  is down
Nov 20, 2017 7:32:28 PM gash.router.server.raft.RaftNode broadcastVoteRequestPacket
INFO: Channel not active ,server  is down
Nov 20, 2017 7:32:28 PM gash.router.server.raft.RaftNode isWinner
INFO: Total number of votes = 1
Nov 20, 2017 7:32:28 PM gash.router.server.raft.RaftNode isWinner
INFO: Expected number of votes = 4
Nov 20, 2017 7:32:28 PM gash.router.server.raft.RaftNode isWinner
INFO: Total number of YES votes = 1
Nov 20, 2017 7:32:28 PM gash.router.server.raft.RaftNode checkElectionResult
INFO: checking election results
Nov 20, 2017 7:32:28 PM gash.router.server.raft.RaftNode isWinner
INFO: Total number of votes = 2
Nov 20, 2017 7:32:28 PM gash.router.server.raft.RaftNode isWinner
INFO: Expected number of votes = 4
Nov 20, 2017 7:32:28 PM gash.router.server.raft.RaftNode isWinner
INFO: Total number of YES votes = 2
Nov 20, 2017 7:32:28 PM gash.router.server.raft.RaftNode checkElectionResult
INFO: 2 has lost the election.
Nov 20, 2017 7:32:28 PM gash.router.server.raft.RaftNode cancelAppendEntriesRequests
INFO: cancelling append entries requests for all nodes
Nov 20, 2017 7:32:28 PM gash.router.server.raft.RaftNode stopDiscoveryServer
INFO: UDP discovery server stop
Nov 20, 2017 7:32:28 PM gash.router.server.raft.RaftNode startFollower
INFO: Starting as follower
Nov 20, 2017 7:32:29 PM gash.router.server.raft.RaftNode$2 run
INFO: vote request received from: 1, request: term: 8
candidateId: 1
lastLogIndex: 1
lastLogTerm: 1

Nov 20, 2017 7:32:29 PM gash.database.NodeStateMongoDB saveNodeState
INFO: node state saved
Nov 20, 2017 7:32:29 PM gash.router.server.raft.RaftNode isVoteGranted
INFO: vote reasons: type: Follower, currTerm: 8, lastLogIndex: 1, lastVotedTerm: 7
Nov 20, 2017 7:32:29 PM gash.database.NodeStateMongoDB saveNodeState
INFO: node state saved
Nov 20, 2017 7:32:29 PM gash.router.server.raft.RaftNode$2 run
INFO: granted vote to nodeId: 1
Nov 20, 2017 7:32:29 PM gash.router.server.raft.RaftNode sendVoteResponse
INFO: sending vote response to node id: 1
Nov 20, 2017 7:32:31 PM gash.router.server.raft.RaftNode$6 run
INFO: follower heartbeat timed out
Nov 20, 2017 7:32:31 PM gash.router.server.raft.RaftNode cancelAppendEntriesRequests
INFO: cancelling append entries requests for all nodes
Nov 20, 2017 7:32:31 PM gash.router.server.raft.RaftNode stopDiscoveryServer
INFO: UDP discovery server stop
Nov 20, 2017 7:32:31 PM gash.router.server.raft.RaftNode startCandidate
INFO: Starting as candidate
Nov 20, 2017 7:32:31 PM gash.router.server.raft.RaftNode requestVotes
INFO: starting to request votes
Nov 20, 2017 7:32:31 PM gash.database.NodeStateMongoDB saveNodeState
INFO: node state saved
Nov 20, 2017 7:32:31 PM gash.router.server.raft.RaftNode broadcastVoteRequestPacket
INFO: Sent VoteRequestRPC to 1request: voteRequest {
  term: 9
  candidateId: 2
  lastLogIndex: 1
  lastLogTerm: 1
}

Nov 20, 2017 7:32:31 PM gash.router.server.raft.RaftNode broadcastVoteRequestPacket
INFO: Channel not active ,server  is down
Nov 20, 2017 7:32:31 PM gash.router.server.raft.RaftNode broadcastVoteRequestPacket
INFO: Channel not active ,server  is down
Nov 20, 2017 7:32:31 PM gash.router.server.raft.RaftNode isWinner
INFO: Total number of votes = 1
Nov 20, 2017 7:32:31 PM gash.router.server.raft.RaftNode isWinner
INFO: Expected number of votes = 4
Nov 20, 2017 7:32:31 PM gash.router.server.raft.RaftNode isWinner
INFO: Total number of YES votes = 1
Nov 20, 2017 7:32:32 PM gash.router.server.raft.RaftNode checkElectionResult
INFO: checking election results
Nov 20, 2017 7:32:32 PM gash.router.server.raft.RaftNode isWinner
INFO: Total number of votes = 2
Nov 20, 2017 7:32:32 PM gash.router.server.raft.RaftNode isWinner
INFO: Expected number of votes = 4
Nov 20, 2017 7:32:32 PM gash.router.server.raft.RaftNode isWinner
INFO: Total number of YES votes = 2
Nov 20, 2017 7:32:32 PM gash.router.server.raft.RaftNode checkElectionResult
INFO: 2 has lost the election.
Nov 20, 2017 7:32:32 PM gash.router.server.raft.RaftNode cancelAppendEntriesRequests
INFO: cancelling append entries requests for all nodes
Nov 20, 2017 7:32:32 PM gash.router.server.raft.RaftNode stopDiscoveryServer
INFO: UDP discovery server stop
Nov 20, 2017 7:32:32 PM gash.router.server.raft.RaftNode startFollower
INFO: Starting as follower
Nov 20, 2017 7:32:33 PM gash.router.server.raft.RaftNode$2 run
INFO: vote request received from: 1, request: term: 10
candidateId: 1
lastLogIndex: 1
lastLogTerm: 1

Nov 20, 2017 7:32:33 PM gash.database.NodeStateMongoDB saveNodeState
INFO: node state saved
Nov 20, 2017 7:32:33 PM gash.router.server.raft.RaftNode isVoteGranted
INFO: vote reasons: type: Follower, currTerm: 10, lastLogIndex: 1, lastVotedTerm: 9
Nov 20, 2017 7:32:33 PM gash.database.NodeStateMongoDB saveNodeState
INFO: node state saved
Nov 20, 2017 7:32:33 PM gash.router.server.raft.RaftNode$2 run
INFO: granted vote to nodeId: 1
Nov 20, 2017 7:32:33 PM gash.router.server.raft.RaftNode sendVoteResponse
INFO: sending vote response to node id: 1
Nov 20, 2017 7:32:34 PM gash.router.server.raft.RaftNode$6 run
INFO: follower heartbeat timed out
Nov 20, 2017 7:32:34 PM gash.router.server.raft.RaftNode cancelAppendEntriesRequests
INFO: cancelling append entries requests for all nodes
Nov 20, 2017 7:32:34 PM gash.router.server.raft.RaftNode stopDiscoveryServer
INFO: UDP discovery server stop
Nov 20, 2017 7:32:34 PM gash.router.server.raft.RaftNode startCandidate
INFO: Starting as candidate
Nov 20, 2017 7:32:34 PM gash.router.server.raft.RaftNode requestVotes
INFO: starting to request votes
Nov 20, 2017 7:32:34 PM gash.database.NodeStateMongoDB saveNodeState
INFO: node state saved
Nov 20, 2017 7:32:34 PM gash.router.server.raft.RaftNode broadcastVoteRequestPacket
INFO: Sent VoteRequestRPC to 1request: voteRequest {
  term: 11
  candidateId: 2
  lastLogIndex: 1
  lastLogTerm: 1
}

Nov 20, 2017 7:32:34 PM gash.router.server.raft.RaftNode broadcastVoteRequestPacket
INFO: Channel not active ,server  is down
Nov 20, 2017 7:32:34 PM gash.router.server.raft.RaftNode broadcastVoteRequestPacket
INFO: Channel not active ,server  is down
Nov 20, 2017 7:32:34 PM gash.router.server.raft.RaftNode isWinner
INFO: Total number of votes = 1
Nov 20, 2017 7:32:34 PM gash.router.server.raft.RaftNode isWinner
INFO: Expected number of votes = 4
Nov 20, 2017 7:32:34 PM gash.router.server.raft.RaftNode isWinner
INFO: Total number of YES votes = 1
Nov 20, 2017 7:32:35 PM gash.router.server.raft.RaftNode checkElectionResult
INFO: checking election results
Nov 20, 2017 7:32:35 PM gash.router.server.raft.RaftNode isWinner
INFO: Total number of votes = 2
Nov 20, 2017 7:32:35 PM gash.router.server.raft.RaftNode isWinner
INFO: Expected number of votes = 4
Nov 20, 2017 7:32:35 PM gash.router.server.raft.RaftNode isWinner
INFO: Total number of YES votes = 2
Nov 20, 2017 7:32:35 PM gash.router.server.raft.RaftNode checkElectionResult
INFO: 2 has lost the election.
Nov 20, 2017 7:32:35 PM gash.router.server.raft.RaftNode cancelAppendEntriesRequests
INFO: cancelling append entries requests for all nodes
Nov 20, 2017 7:32:35 PM gash.router.server.raft.RaftNode stopDiscoveryServer
INFO: UDP discovery server stop
Nov 20, 2017 7:32:35 PM gash.router.server.raft.RaftNode startFollower
INFO: Starting as follower
Nov 20, 2017 7:32:36 PM gash.router.server.raft.RaftNode$2 run
INFO: vote request received from: 1, request: term: 12
candidateId: 1
lastLogIndex: 1
lastLogTerm: 1

Nov 20, 2017 7:32:36 PM gash.database.NodeStateMongoDB saveNodeState
INFO: node state saved
Nov 20, 2017 7:32:36 PM gash.router.server.raft.RaftNode isVoteGranted
INFO: vote reasons: type: Follower, currTerm: 12, lastLogIndex: 1, lastVotedTerm: 11
Nov 20, 2017 7:32:36 PM gash.database.NodeStateMongoDB saveNodeState
INFO: node state saved
Nov 20, 2017 7:32:36 PM gash.router.server.raft.RaftNode$2 run
INFO: granted vote to nodeId: 1
Nov 20, 2017 7:32:36 PM gash.router.server.raft.RaftNode sendVoteResponse
INFO: sending vote response to node id: 1
Nov 20, 2017 7:32:38 PM gash.router.server.raft.RaftNode$6 run
INFO: follower heartbeat timed out
Nov 20, 2017 7:32:38 PM gash.router.server.raft.RaftNode cancelAppendEntriesRequests
INFO: cancelling append entries requests for all nodes
Nov 20, 2017 7:32:38 PM gash.router.server.raft.RaftNode stopDiscoveryServer
INFO: UDP discovery server stop
Nov 20, 2017 7:32:38 PM gash.router.server.raft.RaftNode startCandidate
INFO: Starting as candidate
Nov 20, 2017 7:32:38 PM gash.router.server.raft.RaftNode requestVotes
INFO: starting to request votes
Nov 20, 2017 7:32:38 PM gash.database.NodeStateMongoDB saveNodeState
INFO: node state saved
Nov 20, 2017 7:32:38 PM gash.router.server.raft.RaftNode broadcastVoteRequestPacket
INFO: Sent VoteRequestRPC to 1request: voteRequest {
  term: 13
  candidateId: 2
  lastLogIndex: 1
  lastLogTerm: 1
}

Nov 20, 2017 7:32:38 PM gash.router.server.raft.RaftNode broadcastVoteRequestPacket
INFO: Channel not active ,server  is down
Nov 20, 2017 7:32:38 PM gash.router.server.raft.RaftNode broadcastVoteRequestPacket
INFO: Channel not active ,server  is down
Nov 20, 2017 7:32:38 PM gash.router.server.raft.RaftNode isWinner
INFO: Total number of votes = 1
Nov 20, 2017 7:32:38 PM gash.router.server.raft.RaftNode isWinner
INFO: Expected number of votes = 4
Nov 20, 2017 7:32:38 PM gash.router.server.raft.RaftNode isWinner
INFO: Total number of YES votes = 1
Nov 20, 2017 7:32:39 PM gash.router.server.raft.RaftNode checkElectionResult
INFO: checking election results
Nov 20, 2017 7:32:39 PM gash.router.server.raft.RaftNode isWinner
INFO: Total number of votes = 2
Nov 20, 2017 7:32:39 PM gash.router.server.raft.RaftNode isWinner
INFO: Expected number of votes = 4
Nov 20, 2017 7:32:39 PM gash.router.server.raft.RaftNode isWinner
INFO: Total number of YES votes = 2
Nov 20, 2017 7:32:39 PM gash.router.server.raft.RaftNode checkElectionResult
INFO: 2 has lost the election.
Nov 20, 2017 7:32:39 PM gash.router.server.raft.RaftNode cancelAppendEntriesRequests
INFO: cancelling append entries requests for all nodes
Nov 20, 2017 7:32:39 PM gash.router.server.raft.RaftNode stopDiscoveryServer
INFO: UDP discovery server stop
Nov 20, 2017 7:32:39 PM gash.router.server.raft.RaftNode startFollower
INFO: Starting as follower
Nov 20, 2017 7:32:40 PM gash.router.server.raft.RaftNode$2 run
INFO: vote request received from: 1, request: term: 14
candidateId: 1
lastLogIndex: 1
lastLogTerm: 1

Nov 20, 2017 7:32:40 PM gash.database.NodeStateMongoDB saveNodeState
INFO: node state saved
Nov 20, 2017 7:32:40 PM gash.router.server.raft.RaftNode isVoteGranted
INFO: vote reasons: type: Follower, currTerm: 14, lastLogIndex: 1, lastVotedTerm: 13
Nov 20, 2017 7:32:40 PM gash.database.NodeStateMongoDB saveNodeState
INFO: node state saved
Nov 20, 2017 7:32:40 PM gash.router.server.raft.RaftNode$2 run
INFO: granted vote to nodeId: 1
Nov 20, 2017 7:32:40 PM gash.router.server.raft.RaftNode sendVoteResponse
INFO: sending vote response to node id: 1
Nov 20, 2017 7:32:42 PM gash.router.server.raft.RaftNode$6 run
INFO: follower heartbeat timed out
Nov 20, 2017 7:32:42 PM gash.router.server.raft.RaftNode cancelAppendEntriesRequests
INFO: cancelling append entries requests for all nodes
Nov 20, 2017 7:32:42 PM gash.router.server.raft.RaftNode stopDiscoveryServer
INFO: UDP discovery server stop
Nov 20, 2017 7:32:42 PM gash.router.server.raft.RaftNode startCandidate
INFO: Starting as candidate
Nov 20, 2017 7:32:42 PM gash.router.server.raft.RaftNode requestVotes
INFO: starting to request votes
Nov 20, 2017 7:32:42 PM gash.database.NodeStateMongoDB saveNodeState
INFO: node state saved
Nov 20, 2017 7:32:42 PM gash.router.server.raft.RaftNode broadcastVoteRequestPacket
INFO: Sent VoteRequestRPC to 1request: voteRequest {
  term: 15
  candidateId: 2
  lastLogIndex: 1
  lastLogTerm: 1
}

Nov 20, 2017 7:32:42 PM gash.router.server.raft.RaftNode broadcastVoteRequestPacket
INFO: Channel not active ,server  is down
Nov 20, 2017 7:32:42 PM gash.router.server.raft.RaftNode broadcastVoteRequestPacket
INFO: Channel not active ,server  is down
Nov 20, 2017 7:32:42 PM gash.router.server.raft.RaftNode isWinner
INFO: Total number of votes = 1
Nov 20, 2017 7:32:42 PM gash.router.server.raft.RaftNode isWinner
INFO: Expected number of votes = 4
Nov 20, 2017 7:32:42 PM gash.router.server.raft.RaftNode isWinner
INFO: Total number of YES votes = 1
Nov 20, 2017 7:32:42 PM gash.router.server.raft.RaftNode checkElectionResult
INFO: checking election results
Nov 20, 2017 7:32:42 PM gash.router.server.raft.RaftNode isWinner
INFO: Total number of votes = 2
Nov 20, 2017 7:32:42 PM gash.router.server.raft.RaftNode isWinner
INFO: Expected number of votes = 4
Nov 20, 2017 7:32:42 PM gash.router.server.raft.RaftNode isWinner
INFO: Total number of YES votes = 2
Nov 20, 2017 7:32:42 PM gash.router.server.raft.RaftNode checkElectionResult
INFO: 2 has lost the election.
Nov 20, 2017 7:32:42 PM gash.router.server.raft.RaftNode cancelAppendEntriesRequests
INFO: cancelling append entries requests for all nodes
Nov 20, 2017 7:32:42 PM gash.router.server.raft.RaftNode stopDiscoveryServer
INFO: UDP discovery server stop
Nov 20, 2017 7:32:42 PM gash.router.server.raft.RaftNode startFollower
INFO: Starting as follower
Nov 20, 2017 7:32:44 PM gash.router.server.raft.RaftNode$2 run
INFO: vote request received from: 1, request: term: 16
candidateId: 1
lastLogIndex: 1
lastLogTerm: 1

Nov 20, 2017 7:32:44 PM gash.database.NodeStateMongoDB saveNodeState
INFO: node state saved
Nov 20, 2017 7:32:44 PM gash.router.server.raft.RaftNode isVoteGranted
INFO: vote reasons: type: Follower, currTerm: 16, lastLogIndex: 1, lastVotedTerm: 15
Nov 20, 2017 7:32:44 PM gash.database.NodeStateMongoDB saveNodeState
INFO: node state saved
Nov 20, 2017 7:32:44 PM gash.router.server.raft.RaftNode$2 run
INFO: granted vote to nodeId: 1
Nov 20, 2017 7:32:44 PM gash.router.server.raft.RaftNode sendVoteResponse
INFO: sending vote response to node id: 1
Nov 20, 2017 7:32:46 PM gash.router.server.raft.RaftNode$6 run
INFO: follower heartbeat timed out
Nov 20, 2017 7:32:46 PM gash.router.server.raft.RaftNode cancelAppendEntriesRequests
INFO: cancelling append entries requests for all nodes
Nov 20, 2017 7:32:46 PM gash.router.server.raft.RaftNode stopDiscoveryServer
INFO: UDP discovery server stop
Nov 20, 2017 7:32:46 PM gash.router.server.raft.RaftNode startCandidate
INFO: Starting as candidate
Nov 20, 2017 7:32:46 PM gash.router.server.raft.RaftNode requestVotes
INFO: starting to request votes
Nov 20, 2017 7:32:46 PM gash.database.NodeStateMongoDB saveNodeState
INFO: node state saved
Nov 20, 2017 7:32:46 PM gash.router.server.raft.RaftNode broadcastVoteRequestPacket
INFO: Sent VoteRequestRPC to 1request: voteRequest {
  term: 17
  candidateId: 2
  lastLogIndex: 1
  lastLogTerm: 1
}

Nov 20, 2017 7:32:46 PM gash.router.server.raft.RaftNode broadcastVoteRequestPacket
INFO: Channel not active ,server  is down
Nov 20, 2017 7:32:46 PM gash.router.server.raft.RaftNode broadcastVoteRequestPacket
INFO: Channel not active ,server  is down
Nov 20, 2017 7:32:46 PM gash.router.server.raft.RaftNode isWinner
INFO: Total number of votes = 1
Nov 20, 2017 7:32:46 PM gash.router.server.raft.RaftNode isWinner
INFO: Expected number of votes = 4
Nov 20, 2017 7:32:46 PM gash.router.server.raft.RaftNode isWinner
INFO: Total number of YES votes = 1
Nov 20, 2017 7:32:46 PM gash.router.server.raft.RaftNode checkElectionResult
INFO: checking election results
Nov 20, 2017 7:32:46 PM gash.router.server.raft.RaftNode isWinner
INFO: Total number of votes = 2
Nov 20, 2017 7:32:46 PM gash.router.server.raft.RaftNode isWinner
INFO: Expected number of votes = 4
Nov 20, 2017 7:32:46 PM gash.router.server.raft.RaftNode isWinner
INFO: Total number of YES votes = 2
Nov 20, 2017 7:32:46 PM gash.router.server.raft.RaftNode checkElectionResult
INFO: 2 has lost the election.
Nov 20, 2017 7:32:46 PM gash.router.server.raft.RaftNode cancelAppendEntriesRequests
INFO: cancelling append entries requests for all nodes
Nov 20, 2017 7:32:46 PM gash.router.server.raft.RaftNode stopDiscoveryServer
INFO: UDP discovery server stop
Nov 20, 2017 7:32:46 PM gash.router.server.raft.RaftNode startFollower
INFO: Starting as follower
Nov 20, 2017 7:32:47 PM gash.router.server.raft.RaftNode$2 run
INFO: vote request received from: 1, request: term: 18
candidateId: 1
lastLogIndex: 1
lastLogTerm: 1

Nov 20, 2017 7:32:47 PM gash.database.NodeStateMongoDB saveNodeState
INFO: node state saved
Nov 20, 2017 7:32:47 PM gash.router.server.raft.RaftNode isVoteGranted
INFO: vote reasons: type: Follower, currTerm: 18, lastLogIndex: 1, lastVotedTerm: 17
Nov 20, 2017 7:32:47 PM gash.database.NodeStateMongoDB saveNodeState
INFO: node state saved
Nov 20, 2017 7:32:47 PM gash.router.server.raft.RaftNode$2 run
INFO: granted vote to nodeId: 1
Nov 20, 2017 7:32:47 PM gash.router.server.raft.RaftNode sendVoteResponse
INFO: sending vote response to node id: 1
Nov 20, 2017 7:32:49 PM gash.router.server.raft.RaftNode$6 run
INFO: follower heartbeat timed out
Nov 20, 2017 7:32:49 PM gash.router.server.raft.RaftNode cancelAppendEntriesRequests
INFO: cancelling append entries requests for all nodes
Nov 20, 2017 7:32:49 PM gash.router.server.raft.RaftNode stopDiscoveryServer
INFO: UDP discovery server stop
Nov 20, 2017 7:32:49 PM gash.router.server.raft.RaftNode startCandidate
INFO: Starting as candidate
Nov 20, 2017 7:32:49 PM gash.router.server.raft.RaftNode requestVotes
INFO: starting to request votes
Nov 20, 2017 7:32:49 PM gash.database.NodeStateMongoDB saveNodeState
INFO: node state saved
Nov 20, 2017 7:32:49 PM gash.router.server.raft.RaftNode broadcastVoteRequestPacket
INFO: Sent VoteRequestRPC to 1request: voteRequest {
  term: 19
  candidateId: 2
  lastLogIndex: 1
  lastLogTerm: 1
}

Nov 20, 2017 7:32:49 PM gash.router.server.raft.RaftNode broadcastVoteRequestPacket
INFO: Channel not active ,server  is down
Nov 20, 2017 7:32:49 PM gash.router.server.raft.RaftNode broadcastVoteRequestPacket
INFO: Channel not active ,server  is down
Nov 20, 2017 7:32:49 PM gash.router.server.raft.RaftNode isWinner
INFO: Total number of votes = 1
Nov 20, 2017 7:32:49 PM gash.router.server.raft.RaftNode isWinner
INFO: Expected number of votes = 4
Nov 20, 2017 7:32:49 PM gash.router.server.raft.RaftNode isWinner
INFO: Total number of YES votes = 1
Nov 20, 2017 7:32:50 PM gash.router.server.raft.RaftNode checkElectionResult
INFO: checking election results
Nov 20, 2017 7:32:50 PM gash.router.server.raft.RaftNode isWinner
INFO: Total number of votes = 2
Nov 20, 2017 7:32:50 PM gash.router.server.raft.RaftNode isWinner
INFO: Expected number of votes = 4
Nov 20, 2017 7:32:50 PM gash.router.server.raft.RaftNode isWinner
INFO: Total number of YES votes = 2
Nov 20, 2017 7:32:50 PM gash.router.server.raft.RaftNode checkElectionResult
INFO: 2 has lost the election.
Nov 20, 2017 7:32:50 PM gash.router.server.raft.RaftNode cancelAppendEntriesRequests
INFO: cancelling append entries requests for all nodes
Nov 20, 2017 7:32:50 PM gash.router.server.raft.RaftNode stopDiscoveryServer
INFO: UDP discovery server stop
Nov 20, 2017 7:32:50 PM gash.router.server.raft.RaftNode startFollower
INFO: Starting as follower
Nov 20, 2017 7:32:51 PM gash.router.server.raft.RaftNode$2 run
INFO: vote request received from: 1, request: term: 20
candidateId: 1
lastLogIndex: 1
lastLogTerm: 1

Nov 20, 2017 7:32:51 PM gash.database.NodeStateMongoDB saveNodeState
INFO: node state saved
Nov 20, 2017 7:32:51 PM gash.router.server.raft.RaftNode isVoteGranted
INFO: vote reasons: type: Follower, currTerm: 20, lastLogIndex: 1, lastVotedTerm: 19
Nov 20, 2017 7:32:51 PM gash.database.NodeStateMongoDB saveNodeState
INFO: node state saved
Nov 20, 2017 7:32:51 PM gash.router.server.raft.RaftNode$2 run
INFO: granted vote to nodeId: 1
Nov 20, 2017 7:32:51 PM gash.router.server.raft.RaftNode sendVoteResponse
INFO: sending vote response to node id: 1
Nov 20, 2017 7:32:52 PM gash.router.server.raft.RaftNode$6 run
INFO: follower heartbeat timed out
Nov 20, 2017 7:32:52 PM gash.router.server.raft.RaftNode cancelAppendEntriesRequests
INFO: cancelling append entries requests for all nodes
Nov 20, 2017 7:32:52 PM gash.router.server.raft.RaftNode stopDiscoveryServer
INFO: UDP discovery server stop
Nov 20, 2017 7:32:52 PM gash.router.server.raft.RaftNode startCandidate
INFO: Starting as candidate
Nov 20, 2017 7:32:52 PM gash.router.server.raft.RaftNode requestVotes
INFO: starting to request votes
Nov 20, 2017 7:32:52 PM gash.database.NodeStateMongoDB saveNodeState
INFO: node state saved
Nov 20, 2017 7:32:52 PM gash.router.server.raft.RaftNode broadcastVoteRequestPacket
INFO: Sent VoteRequestRPC to 1request: voteRequest {
  term: 21
  candidateId: 2
  lastLogIndex: 1
  lastLogTerm: 1
}

Nov 20, 2017 7:32:52 PM gash.router.server.raft.RaftNode broadcastVoteRequestPacket
INFO: Channel not active ,server  is down
Nov 20, 2017 7:32:52 PM gash.router.server.raft.RaftNode broadcastVoteRequestPacket
INFO: Channel not active ,server  is down
Nov 20, 2017 7:32:52 PM gash.router.server.raft.RaftNode isWinner
INFO: Total number of votes = 1
Nov 20, 2017 7:32:52 PM gash.router.server.raft.RaftNode isWinner
INFO: Expected number of votes = 4
Nov 20, 2017 7:32:52 PM gash.router.server.raft.RaftNode isWinner
INFO: Total number of YES votes = 1
Nov 20, 2017 7:32:53 PM gash.router.server.raft.RaftNode checkElectionResult
INFO: checking election results
Nov 20, 2017 7:32:53 PM gash.router.server.raft.RaftNode isWinner
INFO: Total number of votes = 2
Nov 20, 2017 7:32:53 PM gash.router.server.raft.RaftNode isWinner
INFO: Expected number of votes = 4
Nov 20, 2017 7:32:53 PM gash.router.server.raft.RaftNode isWinner
INFO: Total number of YES votes = 2
Nov 20, 2017 7:32:53 PM gash.router.server.raft.RaftNode checkElectionResult
INFO: 2 has lost the election.
Nov 20, 2017 7:32:53 PM gash.router.server.raft.RaftNode cancelAppendEntriesRequests
INFO: cancelling append entries requests for all nodes
Nov 20, 2017 7:32:53 PM gash.router.server.raft.RaftNode stopDiscoveryServer
INFO: UDP discovery server stop
Nov 20, 2017 7:32:53 PM gash.router.server.raft.RaftNode startFollower
INFO: Starting as follower
Nov 20, 2017 7:32:54 PM gash.router.server.raft.RaftNode$2 run
INFO: vote request received from: 1, request: term: 22
candidateId: 1
lastLogIndex: 1
lastLogTerm: 1

Nov 20, 2017 7:32:54 PM gash.database.NodeStateMongoDB saveNodeState
INFO: node state saved
Nov 20, 2017 7:32:54 PM gash.router.server.raft.RaftNode isVoteGranted
INFO: vote reasons: type: Follower, currTerm: 22, lastLogIndex: 1, lastVotedTerm: 21
Nov 20, 2017 7:32:54 PM gash.database.NodeStateMongoDB saveNodeState
INFO: node state saved
Nov 20, 2017 7:32:54 PM gash.router.server.raft.RaftNode$2 run
INFO: granted vote to nodeId: 1
Nov 20, 2017 7:32:54 PM gash.router.server.raft.RaftNode sendVoteResponse
INFO: sending vote response to node id: 1
Nov 20, 2017 7:32:56 PM gash.router.server.raft.RaftNode$6 run
INFO: follower heartbeat timed out
Nov 20, 2017 7:32:56 PM gash.router.server.raft.RaftNode cancelAppendEntriesRequests
INFO: cancelling append entries requests for all nodes
Nov 20, 2017 7:32:56 PM gash.router.server.raft.RaftNode stopDiscoveryServer
INFO: UDP discovery server stop
Nov 20, 2017 7:32:56 PM gash.router.server.raft.RaftNode startCandidate
INFO: Starting as candidate
Nov 20, 2017 7:32:56 PM gash.router.server.raft.RaftNode requestVotes
INFO: starting to request votes
Nov 20, 2017 7:32:56 PM gash.database.NodeStateMongoDB saveNodeState
INFO: node state saved
Nov 20, 2017 7:32:56 PM gash.router.server.raft.RaftNode broadcastVoteRequestPacket
INFO: Sent VoteRequestRPC to 1request: voteRequest {
  term: 23
  candidateId: 2
  lastLogIndex: 1
  lastLogTerm: 1
}

Nov 20, 2017 7:32:56 PM gash.router.server.raft.RaftNode broadcastVoteRequestPacket
INFO: Channel not active ,server  is down
Nov 20, 2017 7:32:56 PM gash.router.server.raft.RaftNode broadcastVoteRequestPacket
INFO: Channel not active ,server  is down
Nov 20, 2017 7:32:56 PM gash.router.server.raft.RaftNode isWinner
INFO: Total number of votes = 1
Nov 20, 2017 7:32:56 PM gash.router.server.raft.RaftNode isWinner
INFO: Expected number of votes = 4
Nov 20, 2017 7:32:56 PM gash.router.server.raft.RaftNode isWinner
INFO: Total number of YES votes = 1
Nov 20, 2017 7:32:56 PM gash.router.server.raft.RaftNode checkElectionResult
INFO: checking election results
Nov 20, 2017 7:32:56 PM gash.router.server.raft.RaftNode isWinner
INFO: Total number of votes = 2
Nov 20, 2017 7:32:56 PM gash.router.server.raft.RaftNode isWinner
INFO: Expected number of votes = 4
Nov 20, 2017 7:32:56 PM gash.router.server.raft.RaftNode isWinner
INFO: Total number of YES votes = 2
Nov 20, 2017 7:32:56 PM gash.router.server.raft.RaftNode checkElectionResult
INFO: 2 has lost the election.
Nov 20, 2017 7:32:56 PM gash.router.server.raft.RaftNode cancelAppendEntriesRequests
INFO: cancelling append entries requests for all nodes
Nov 20, 2017 7:32:56 PM gash.router.server.raft.RaftNode stopDiscoveryServer
INFO: UDP discovery server stop
Nov 20, 2017 7:32:56 PM gash.router.server.raft.RaftNode startFollower
INFO: Starting as follower
Nov 20, 2017 7:32:57 PM gash.router.server.raft.RaftNode$2 run
INFO: vote request received from: 1, request: term: 24
candidateId: 1
lastLogIndex: 1
lastLogTerm: 1

Nov 20, 2017 7:32:57 PM gash.database.NodeStateMongoDB saveNodeState
INFO: node state saved
Nov 20, 2017 7:32:57 PM gash.router.server.raft.RaftNode isVoteGranted
INFO: vote reasons: type: Follower, currTerm: 24, lastLogIndex: 1, lastVotedTerm: 23
Nov 20, 2017 7:32:57 PM gash.database.NodeStateMongoDB saveNodeState
INFO: node state saved
Nov 20, 2017 7:32:57 PM gash.router.server.raft.RaftNode$2 run
INFO: granted vote to nodeId: 1
Nov 20, 2017 7:32:57 PM gash.router.server.raft.RaftNode sendVoteResponse
INFO: sending vote response to node id: 1
